{"C:\\Users\\Vinicius Andrade\\Downloads\\past\\achei-comunidade\\apps\\mobile\\jest.css-mock.js": {"path":"C:\\Users\\Vinicius Andrade\\Downloads\\past\\achei-comunidade\\apps\\mobile\\jest.css-mock.js","statementMap":{"0":{"start":{"line":3,"column":0},"end":{"line":3,"column":20}}},"fnMap":{},"branchMap":{},"s":{"0":3},"f":{},"b":{},"_coverageSchema":"1a1c01bbd47fc00a2c39e90264f33305004495a9","hash":"5bca1d53bc85631c5dbe01314cc2e34fe6f19a26"}
,"C:\\Users\\Vinicius Andrade\\Downloads\\past\\achei-comunidade\\apps\\mobile\\src\\components\\themed-text.tsx": {"path":"C:\\Users\\Vinicius Andrade\\Downloads\\past\\achei-comunidade\\apps\\mobile\\src\\components\\themed-text.tsx","statementMap":{"0":{"start":{"line":25,"column":15},"end":{"line":25,"column":25}},"1":{"start":{"line":27,"column":1},"end":{"line":43,"column":3}},"2":{"start":{"line":46,"column":15},"end":{"line":86,"column":2}}},"fnMap":{"0":{"name":"ThemedText","decl":{"start":{"line":19,"column":16},"end":{"line":19,"column":26}},"loc":{"start":{"line":24,"column":20},"end":{"line":44,"column":1}},"line":24}},"branchMap":{"0":{"loc":{"start":{"line":21,"column":1},"end":{"line":21,"column":17}},"type":"default-arg","locations":[{"start":{"line":21,"column":8},"end":{"line":21,"column":17}}],"line":21},"1":{"loc":{"start":{"line":30,"column":19},"end":{"line":30,"column":39}},"type":"binary-expr","locations":[{"start":{"line":30,"column":19},"end":{"line":30,"column":29}},{"start":{"line":30,"column":33},"end":{"line":30,"column":39}}],"line":30},"2":{"loc":{"start":{"line":31,"column":4},"end":{"line":31,"column":40}},"type":"binary-expr","locations":[{"start":{"line":31,"column":4},"end":{"line":31,"column":22}},{"start":{"line":31,"column":26},"end":{"line":31,"column":40}}],"line":31},"3":{"loc":{"start":{"line":32,"column":4},"end":{"line":32,"column":36}},"type":"binary-expr","locations":[{"start":{"line":32,"column":4},"end":{"line":32,"column":20}},{"start":{"line":32,"column":24},"end":{"line":32,"column":36}}],"line":32},"4":{"loc":{"start":{"line":33,"column":4},"end":{"line":33,"column":36}},"type":"binary-expr","locations":[{"start":{"line":33,"column":4},"end":{"line":33,"column":20}},{"start":{"line":33,"column":24},"end":{"line":33,"column":36}}],"line":33},"5":{"loc":{"start":{"line":34,"column":4},"end":{"line":34,"column":44}},"type":"binary-expr","locations":[{"start":{"line":34,"column":4},"end":{"line":34,"column":24}},{"start":{"line":34,"column":28},"end":{"line":34,"column":44}}],"line":34},"6":{"loc":{"start":{"line":35,"column":4},"end":{"line":35,"column":42}},"type":"binary-expr","locations":[{"start":{"line":35,"column":4},"end":{"line":35,"column":23}},{"start":{"line":35,"column":27},"end":{"line":35,"column":42}}],"line":35},"7":{"loc":{"start":{"line":36,"column":4},"end":{"line":36,"column":34}},"type":"binary-expr","locations":[{"start":{"line":36,"column":4},"end":{"line":36,"column":19}},{"start":{"line":36,"column":23},"end":{"line":36,"column":34}}],"line":36},"8":{"loc":{"start":{"line":37,"column":4},"end":{"line":37,"column":48}},"type":"binary-expr","locations":[{"start":{"line":37,"column":4},"end":{"line":37,"column":26}},{"start":{"line":37,"column":30},"end":{"line":37,"column":48}}],"line":37},"9":{"loc":{"start":{"line":38,"column":4},"end":{"line":38,"column":34}},"type":"binary-expr","locations":[{"start":{"line":38,"column":4},"end":{"line":38,"column":19}},{"start":{"line":38,"column":23},"end":{"line":38,"column":34}}],"line":38},"10":{"loc":{"start":{"line":83,"column":14},"end":{"line":83,"column":54}},"type":"binary-expr","locations":[{"start":{"line":83,"column":14},"end":{"line":83,"column":47}},{"start":{"line":83,"column":51},"end":{"line":83,"column":54}}],"line":83}},"s":{"0":24,"1":24,"2":2},"f":{"0":24},"b":{"0":[0],"1":[24,24],"2":[24,0],"3":[24,0],"4":[24,12],"5":[24,12],"6":[24,0],"7":[24,0],"8":[24,0],"9":[24,0],"10":[2,2]},"_coverageSchema":"1a1c01bbd47fc00a2c39e90264f33305004495a9","hash":"f0139097860200cb71ca745a33a78be8cf2abc27"}
,"C:\\Users\\Vinicius Andrade\\Downloads\\past\\achei-comunidade\\apps\\mobile\\src\\components\\themed-view.tsx": {"path":"C:\\Users\\Vinicius Andrade\\Downloads\\past\\achei-comunidade\\apps\\mobile\\src\\components\\themed-view.tsx","statementMap":{"0":{"start":{"line":19,"column":15},"end":{"line":19,"column":25}},"1":{"start":{"line":21,"column":1},"end":{"line":26,"column":3}}},"fnMap":{"0":{"name":"ThemedView","decl":{"start":{"line":12,"column":16},"end":{"line":12,"column":26}},"loc":{"start":{"line":18,"column":20},"end":{"line":27,"column":1}},"line":18}},"branchMap":{"0":{"loc":{"start":{"line":23,"column":36},"end":{"line":23,"column":56}},"type":"binary-expr","locations":[{"start":{"line":23,"column":36},"end":{"line":23,"column":40}},{"start":{"line":23,"column":44},"end":{"line":23,"column":56}}],"line":23}},"s":{"0":5,"1":5},"f":{"0":5},"b":{"0":[5,2]},"_coverageSchema":"1a1c01bbd47fc00a2c39e90264f33305004495a9","hash":"e7c371ce68599a0187b878b563b97a3c6d7b763f"}
,"C:\\Users\\Vinicius Andrade\\Downloads\\past\\achei-comunidade\\apps\\mobile\\src\\components\\domain\\category-chip.tsx": {"path":"C:\\Users\\Vinicius Andrade\\Downloads\\past\\achei-comunidade\\apps\\mobile\\src\\components\\domain\\category-chip.tsx","statementMap":{"0":{"start":{"line":13,"column":15},"end":{"line":13,"column":25}},"1":{"start":{"line":15,"column":1},"end":{"line":29,"column":3}},"2":{"start":{"line":32,"column":15},"end":{"line":38,"column":2}}},"fnMap":{"0":{"name":"CategoryChip","decl":{"start":{"line":12,"column":16},"end":{"line":12,"column":28}},"loc":{"start":{"line":12,"column":78},"end":{"line":30,"column":1}},"line":12}},"branchMap":{"0":{"loc":{"start":{"line":21,"column":22},"end":{"line":23,"column":31}},"type":"cond-expr","locations":[{"start":{"line":22,"column":8},"end":{"line":22,"column":32}},{"start":{"line":23,"column":8},"end":{"line":23,"column":31}}],"line":21},"1":{"loc":{"start":{"line":27,"column":21},"end":{"line":27,"column":53}},"type":"cond-expr","locations":[{"start":{"line":27,"column":32},"end":{"line":27,"column":43}},{"start":{"line":27,"column":46},"end":{"line":27,"column":53}}],"line":27}},"s":{"0":2,"1":2,"2":1},"f":{"0":2},"b":{"0":[0,2],"1":[0,2]},"_coverageSchema":"1a1c01bbd47fc00a2c39e90264f33305004495a9","hash":"df8cbcbb51386caee66ae4f4024f4ec37c7ef533"}
,"C:\\Users\\Vinicius Andrade\\Downloads\\past\\achei-comunidade\\apps\\mobile\\src\\components\\domain\\category-picker.tsx": {"path":"C:\\Users\\Vinicius Andrade\\Downloads\\past\\achei-comunidade\\apps\\mobile\\src\\components\\domain\\category-picker.tsx","statementMap":{"0":{"start":{"line":20,"column":15},"end":{"line":20,"column":25}},"1":{"start":{"line":22,"column":1},"end":{"line":28,"column":2}},"2":{"start":{"line":23,"column":2},"end":{"line":27,"column":4}},"3":{"start":{"line":30,"column":1},"end":{"line":45,"column":3}},"4":{"start":{"line":37,"column":4},"end":{"line":42,"column":6}},"5":{"start":{"line":41,"column":20},"end":{"line":41,"column":34}},"6":{"start":{"line":48,"column":15},"end":{"line":57,"column":2}}},"fnMap":{"0":{"name":"CategoryPicker","decl":{"start":{"line":14,"column":16},"end":{"line":14,"column":30}},"loc":{"start":{"line":19,"column":24},"end":{"line":46,"column":1}},"line":19},"1":{"name":"(anonymous_1)","decl":{"start":{"line":36,"column":19},"end":{"line":36,"column":20}},"loc":{"start":{"line":37,"column":4},"end":{"line":42,"column":6}},"line":37},"2":{"name":"(anonymous_2)","decl":{"start":{"line":41,"column":14},"end":{"line":41,"column":15}},"loc":{"start":{"line":41,"column":20},"end":{"line":41,"column":34}},"line":41}},"branchMap":{"0":{"loc":{"start":{"line":22,"column":1},"end":{"line":28,"column":2}},"type":"if","locations":[{"start":{"line":22,"column":1},"end":{"line":28,"column":2}},{"start":{},"end":{}}],"line":22}},"s":{"0":2,"1":2,"2":0,"3":2,"4":2,"5":0,"6":1},"f":{"0":2,"1":2,"2":0},"b":{"0":[0,2]},"_coverageSchema":"1a1c01bbd47fc00a2c39e90264f33305004495a9","hash":"8be5dfdca132338cad84a47fb1e9e07229809b77"}
,"C:\\Users\\Vinicius Andrade\\Downloads\\past\\achei-comunidade\\apps\\mobile\\src\\components\\domain\\found-item-form.tsx": {"path":"C:\\Users\\Vinicius Andrade\\Downloads\\past\\achei-comunidade\\apps\\mobile\\src\\components\\domain\\found-item-form.tsx","statementMap":{"0":{"start":{"line":24,"column":16},"end":{"line":24,"column":27}},"1":{"start":{"line":25,"column":15},"end":{"line":25,"column":25}},"2":{"start":{"line":33,"column":5},"end":{"line":33,"column":21}},"3":{"start":{"line":40,"column":5},"end":{"line":40,"column":18}},"4":{"start":{"line":41,"column":60},"end":{"line":41,"column":75}},"5":{"start":{"line":42,"column":31},"end":{"line":42,"column":51}},"6":{"start":{"line":44,"column":27},"end":{"line":44,"column":39}},"7":{"start":{"line":45,"column":39},"end":{"line":45,"column":51}},"8":{"start":{"line":46,"column":37},"end":{"line":46,"column":66}},"9":{"start":{"line":47,"column":41},"end":{"line":47,"column":53}},"10":{"start":{"line":50,"column":15},"end":{"line":50,"column":45}},"11":{"start":{"line":51,"column":2},"end":{"line":51,"column":34}},"12":{"start":{"line":51,"column":12},"end":{"line":51,"column":34}},"13":{"start":{"line":55,"column":2},"end":{"line":59,"column":12}},"14":{"start":{"line":62,"column":2},"end":{"line":62,"column":50}},"15":{"start":{"line":62,"column":43},"end":{"line":62,"column":50}},"16":{"start":{"line":64,"column":19},"end":{"line":64,"column":77}},"17":{"start":{"line":66,"column":2},"end":{"line":88,"column":4}},"18":{"start":{"line":81,"column":5},"end":{"line":85,"column":6}},"19":{"start":{"line":82,"column":6},"end":{"line":82,"column":20}},"20":{"start":{"line":84,"column":6},"end":{"line":84,"column":26}},"21":{"start":{"line":91,"column":1},"end":{"line":205,"column":3}},"22":{"start":{"line":208,"column":15},"end":{"line":251,"column":2}}},"fnMap":{"0":{"name":"FoundItemForm","decl":{"start":{"line":23,"column":16},"end":{"line":23,"column":29}},"loc":{"start":{"line":23,"column":32},"end":{"line":206,"column":1}},"line":23},"1":{"name":"handleUseCurrentLocation","decl":{"start":{"line":49,"column":16},"end":{"line":49,"column":40}},"loc":{"start":{"line":49,"column":43},"end":{"line":52,"column":2}},"line":49},"2":{"name":"handleSubmit","decl":{"start":{"line":61,"column":10},"end":{"line":61,"column":22}},"loc":{"start":{"line":61,"column":25},"end":{"line":89,"column":2}},"line":61},"3":{"name":"(anonymous_3)","decl":{"start":{"line":77,"column":15},"end":{"line":77,"column":16}},"loc":{"start":{"line":77,"column":21},"end":{"line":86,"column":5}},"line":77}},"branchMap":{"0":{"loc":{"start":{"line":51,"column":2},"end":{"line":51,"column":34}},"type":"if","locations":[{"start":{"line":51,"column":2},"end":{"line":51,"column":34}},{"start":{},"end":{}}],"line":51},"1":{"loc":{"start":{"line":55,"column":2},"end":{"line":59,"column":12}},"type":"binary-expr","locations":[{"start":{"line":55,"column":2},"end":{"line":55,"column":25}},{"start":{"line":56,"column":2},"end":{"line":56,"column":21}},{"start":{"line":57,"column":2},"end":{"line":57,"column":16}},{"start":{"line":58,"column":2},"end":{"line":58,"column":32}},{"start":{"line":59,"column":2},"end":{"line":59,"column":12}}],"line":55},"2":{"loc":{"start":{"line":62,"column":2},"end":{"line":62,"column":50}},"type":"if","locations":[{"start":{"line":62,"column":2},"end":{"line":62,"column":50}},{"start":{},"end":{}}],"line":62},"3":{"loc":{"start":{"line":62,"column":6},"end":{"line":62,"column":41}},"type":"binary-expr","locations":[{"start":{"line":62,"column":6},"end":{"line":62,"column":16}},{"start":{"line":62,"column":20},"end":{"line":62,"column":26}},{"start":{"line":62,"column":30},"end":{"line":62,"column":41}}],"line":62},"4":{"loc":{"start":{"line":64,"column":19},"end":{"line":64,"column":77}},"type":"cond-expr","locations":[{"start":{"line":64,"column":34},"end":{"line":64,"column":65}},{"start":{"line":64,"column":68},"end":{"line":64,"column":77}}],"line":64},"5":{"loc":{"start":{"line":69,"column":17},"end":{"line":69,"column":48}},"type":"binary-expr","locations":[{"start":{"line":69,"column":17},"end":{"line":69,"column":35}},{"start":{"line":69,"column":39},"end":{"line":69,"column":48}}],"line":69},"6":{"loc":{"start":{"line":73,"column":19},"end":{"line":73,"column":40}},"type":"binary-expr","locations":[{"start":{"line":73,"column":19},"end":{"line":73,"column":27}},{"start":{"line":73,"column":31},"end":{"line":73,"column":40}}],"line":73},"7":{"loc":{"start":{"line":74,"column":20},"end":{"line":74,"column":42}},"type":"binary-expr","locations":[{"start":{"line":74,"column":20},"end":{"line":74,"column":29}},{"start":{"line":74,"column":33},"end":{"line":74,"column":42}}],"line":74},"8":{"loc":{"start":{"line":81,"column":5},"end":{"line":85,"column":6}},"type":"if","locations":[{"start":{"line":81,"column":5},"end":{"line":85,"column":6}},{"start":{"line":83,"column":12},"end":{"line":85,"column":6}}],"line":81},"9":{"loc":{"start":{"line":81,"column":9},"end":{"line":81,"column":67}},"type":"binary-expr","locations":[{"start":{"line":81,"column":9},"end":{"line":81,"column":38}},{"start":{"line":81,"column":42},"end":{"line":81,"column":67}}],"line":81},"10":{"loc":{"start":{"line":117,"column":5},"end":{"line":121,"column":5}},"type":"binary-expr","locations":[{"start":{"line":117,"column":5},"end":{"line":117,"column":10}},{"start":{"line":118,"column":5},"end":{"line":120,"column":17}}],"line":117},"11":{"loc":{"start":{"line":124,"column":4},"end":{"line":124,"column":73}},"type":"binary-expr","locations":[{"start":{"line":124,"column":4},"end":{"line":124,"column":9}},{"start":{"line":124,"column":13},"end":{"line":124,"column":73}}],"line":124},"12":{"loc":{"start":{"line":126,"column":4},"end":{"line":130,"column":4}},"type":"binary-expr","locations":[{"start":{"line":126,"column":4},"end":{"line":126,"column":14}},{"start":{"line":127,"column":4},"end":{"line":129,"column":17}}],"line":126},"13":{"loc":{"start":{"line":169,"column":16},"end":{"line":169,"column":32}},"type":"binary-expr","locations":[{"start":{"line":169,"column":16},"end":{"line":169,"column":26}},{"start":{"line":169,"column":30},"end":{"line":169,"column":32}}],"line":169},"14":{"loc":{"start":{"line":180,"column":25},"end":{"line":180,"column":64}},"type":"binary-expr","locations":[{"start":{"line":180,"column":25},"end":{"line":180,"column":42}},{"start":{"line":180,"column":46},"end":{"line":180,"column":64}}],"line":180},"15":{"loc":{"start":{"line":183,"column":4},"end":{"line":187,"column":4}},"type":"binary-expr","locations":[{"start":{"line":183,"column":4},"end":{"line":183,"column":17}},{"start":{"line":184,"column":4},"end":{"line":186,"column":17}}],"line":183},"16":{"loc":{"start":{"line":195,"column":5},"end":{"line":195,"column":35}},"type":"binary-expr","locations":[{"start":{"line":195,"column":5},"end":{"line":195,"column":15}},{"start":{"line":195,"column":19},"end":{"line":195,"column":35}}],"line":195},"17":{"loc":{"start":{"line":198,"column":5},"end":{"line":202,"column":5}},"type":"cond-expr","locations":[{"start":{"line":199,"column":5},"end":{"line":199,"column":58}},{"start":{"line":201,"column":5},"end":{"line":201,"column":56}}],"line":198}},"s":{"0":2,"1":2,"2":2,"3":2,"4":2,"5":2,"6":2,"7":2,"8":2,"9":2,"10":1,"11":1,"12":1,"13":2,"14":0,"15":0,"16":0,"17":0,"18":0,"19":0,"20":0,"21":2,"22":1},"f":{"0":2,"1":1,"2":0,"3":0},"b":{"0":[1,0],"1":[2,0,0,0,0],"2":[0,0],"3":[0,0,0],"4":[0,0],"5":[0,0],"6":[0,0],"7":[0,0],"8":[0,0],"9":[0,0],"10":[2,0],"11":[2,0],"12":[2,0],"13":[2,0],"14":[2,2],"15":[2,0],"16":[2,2],"17":[0,2]},"_coverageSchema":"1a1c01bbd47fc00a2c39e90264f33305004495a9","hash":"161f45ea9a164457909ef02b5eb1afa2fbcdaf85"}
,"C:\\Users\\Vinicius Andrade\\Downloads\\past\\achei-comunidade\\apps\\mobile\\src\\components\\domain\\location-field.tsx": {"path":"C:\\Users\\Vinicius Andrade\\Downloads\\past\\achei-comunidade\\apps\\mobile\\src\\components\\domain\\location-field.tsx","statementMap":{"0":{"start":{"line":27,"column":15},"end":{"line":27,"column":25}},"1":{"start":{"line":29,"column":1},"end":{"line":71,"column":3}},"2":{"start":{"line":74,"column":15},"end":{"line":101,"column":2}}},"fnMap":{"0":{"name":"LocationField","decl":{"start":{"line":20,"column":16},"end":{"line":20,"column":29}},"loc":{"start":{"line":26,"column":23},"end":{"line":72,"column":1}},"line":26}},"branchMap":{"0":{"loc":{"start":{"line":57,"column":6},"end":{"line":61,"column":6}},"type":"cond-expr","locations":[{"start":{"line":58,"column":6},"end":{"line":58,"column":59}},{"start":{"line":60,"column":6},"end":{"line":60,"column":46}}],"line":57},"1":{"loc":{"start":{"line":65,"column":4},"end":{"line":69,"column":4}},"type":"binary-expr","locations":[{"start":{"line":65,"column":4},"end":{"line":65,"column":23}},{"start":{"line":66,"column":4},"end":{"line":68,"column":17}}],"line":65}},"s":{"0":2,"1":2,"2":1},"f":{"0":2},"b":{"0":[0,2],"1":[2,2]},"_coverageSchema":"1a1c01bbd47fc00a2c39e90264f33305004495a9","hash":"60d5a5415ab07e75eff498e87f153e4216ff6960"}
,"C:\\Users\\Vinicius Andrade\\Downloads\\past\\achei-comunidade\\apps\\mobile\\src\\components\\ui\\collapsible.tsx": {"path":"C:\\Users\\Vinicius Andrade\\Downloads\\past\\achei-comunidade\\apps\\mobile\\src\\components\\ui\\collapsible.tsx","statementMap":{"0":{"start":{"line":15,"column":29},"end":{"line":15,"column":44}},"1":{"start":{"line":16,"column":15},"end":{"line":16,"column":25}},"2":{"start":{"line":17,"column":20},"end":{"line":17,"column":84}},"3":{"start":{"line":19,"column":1},"end":{"line":60,"column":3}},"4":{"start":{"line":26,"column":28},"end":{"line":29,"column":5}},"5":{"start":{"line":30,"column":19},"end":{"line":30,"column":47}},"6":{"start":{"line":30,"column":40},"end":{"line":30,"column":46}},"7":{"start":{"line":63,"column":15},"end":{"line":85,"column":2}}},"fnMap":{"0":{"name":"Collapsible","decl":{"start":{"line":11,"column":16},"end":{"line":11,"column":27}},"loc":{"start":{"line":14,"column":42},"end":{"line":61,"column":1}},"line":14},"1":{"name":"(anonymous_1)","decl":{"start":{"line":26,"column":11},"end":{"line":26,"column":12}},"loc":{"start":{"line":26,"column":28},"end":{"line":29,"column":5}},"line":26},"2":{"name":"(anonymous_2)","decl":{"start":{"line":30,"column":13},"end":{"line":30,"column":14}},"loc":{"start":{"line":30,"column":19},"end":{"line":30,"column":47}},"line":30},"3":{"name":"(anonymous_3)","decl":{"start":{"line":30,"column":29},"end":{"line":30,"column":30}},"loc":{"start":{"line":30,"column":40},"end":{"line":30,"column":46}},"line":30}},"branchMap":{"0":{"loc":{"start":{"line":28,"column":5},"end":{"line":28,"column":37}},"type":"binary-expr","locations":[{"start":{"line":28,"column":5},"end":{"line":28,"column":12}},{"start":{"line":28,"column":16},"end":{"line":28,"column":37}}],"line":28},"1":{"loc":{"start":{"line":42,"column":37},"end":{"line":42,"column":64}},"type":"cond-expr","locations":[{"start":{"line":42,"column":46},"end":{"line":42,"column":54}},{"start":{"line":42,"column":57},"end":{"line":42,"column":64}}],"line":42},"2":{"loc":{"start":{"line":48,"column":4},"end":{"line":58,"column":4}},"type":"binary-expr","locations":[{"start":{"line":48,"column":4},"end":{"line":48,"column":10}},{"start":{"line":49,"column":4},"end":{"line":57,"column":20}}],"line":48}},"s":{"0":2,"1":2,"2":2,"3":2,"4":2,"5":1,"6":1,"7":1},"f":{"0":2,"1":2,"2":1,"3":1},"b":{"0":[2,0],"1":[1,1],"2":[2,1]},"_coverageSchema":"1a1c01bbd47fc00a2c39e90264f33305004495a9","hash":"b52506d87196be4904954ff6c1a1df2a451186c2"}
,"C:\\Users\\Vinicius Andrade\\Downloads\\past\\achei-comunidade\\apps\\mobile\\src\\constants\\theme.ts": {"path":"C:\\Users\\Vinicius Andrade\\Downloads\\past\\achei-comunidade\\apps\\mobile\\src\\constants\\theme.ts","statementMap":{"0":{"start":{"line":10,"column":22},"end":{"line":25,"column":10}},"1":{"start":{"line":29,"column":21},"end":{"line":52,"column":2}},"2":{"start":{"line":54,"column":23},"end":{"line":62,"column":10}},"3":{"start":{"line":64,"column":30},"end":{"line":64,"column":76}},"4":{"start":{"line":65,"column":31},"end":{"line":65,"column":34}}},"fnMap":{},"branchMap":{"0":{"loc":{"start":{"line":64,"column":30},"end":{"line":64,"column":76}},"type":"binary-expr","locations":[{"start":{"line":64,"column":30},"end":{"line":64,"column":71}},{"start":{"line":64,"column":75},"end":{"line":64,"column":76}}],"line":64}},"s":{"0":3,"1":3,"2":3,"3":3,"4":3},"f":{},"b":{"0":[3,0]},"_coverageSchema":"1a1c01bbd47fc00a2c39e90264f33305004495a9","hash":"53b12afb9bc13cb1546bab80dfda00377aa14b64"}
,"C:\\Users\\Vinicius Andrade\\Downloads\\past\\achei-comunidade\\apps\\mobile\\src\\hooks\\use-color-scheme.ts": {"path":"C:\\Users\\Vinicius Andrade\\Downloads\\past\\achei-comunidade\\apps\\mobile\\src\\hooks\\use-color-scheme.ts","statementMap":{},"fnMap":{},"branchMap":{},"s":{},"f":{},"b":{},"_coverageSchema":"1a1c01bbd47fc00a2c39e90264f33305004495a9","hash":"e2ce773b38a347d8b265ab888df3e12ed26da066"}
,"C:\\Users\\Vinicius Andrade\\Downloads\\past\\achei-comunidade\\apps\\mobile\\src\\hooks\\use-color-scheme.web.ts": {"path":"C:\\Users\\Vinicius Andrade\\Downloads\\past\\achei-comunidade\\apps\\mobile\\src\\hooks\\use-color-scheme.web.ts","statementMap":{"0":{"start":{"line":8,"column":39},"end":{"line":8,"column":54}},"1":{"start":{"line":10,"column":1},"end":{"line":12,"column":8}},"2":{"start":{"line":11,"column":2},"end":{"line":11,"column":23}},"3":{"start":{"line":14,"column":21},"end":{"line":14,"column":39}},"4":{"start":{"line":16,"column":1},"end":{"line":18,"column":2}},"5":{"start":{"line":17,"column":2},"end":{"line":17,"column":21}},"6":{"start":{"line":20,"column":1},"end":{"line":20,"column":16}}},"fnMap":{"0":{"name":"useColorScheme","decl":{"start":{"line":7,"column":16},"end":{"line":7,"column":30}},"loc":{"start":{"line":7,"column":33},"end":{"line":21,"column":1}},"line":7},"1":{"name":"(anonymous_1)","decl":{"start":{"line":10,"column":11},"end":{"line":10,"column":12}},"loc":{"start":{"line":10,"column":17},"end":{"line":12,"column":2}},"line":10}},"branchMap":{"0":{"loc":{"start":{"line":16,"column":1},"end":{"line":18,"column":2}},"type":"if","locations":[{"start":{"line":16,"column":1},"end":{"line":18,"column":2}},{"start":{},"end":{}}],"line":16}},"s":{"0":4,"1":4,"2":2,"3":4,"4":4,"5":2,"6":2},"f":{"0":4,"1":2},"b":{"0":[2,2]},"_coverageSchema":"1a1c01bbd47fc00a2c39e90264f33305004495a9","hash":"6665ee6a91ec84463f8ac8ea9d219bddac574dbe"}
,"C:\\Users\\Vinicius Andrade\\Downloads\\past\\achei-comunidade\\apps\\mobile\\src\\hooks\\use-theme.ts": {"path":"C:\\Users\\Vinicius Andrade\\Downloads\\past\\achei-comunidade\\apps\\mobile\\src\\hooks\\use-theme.ts","statementMap":{"0":{"start":{"line":10,"column":16},"end":{"line":10,"column":32}},"1":{"start":{"line":11,"column":15},"end":{"line":11,"column":58}},"2":{"start":{"line":13,"column":1},"end":{"line":13,"column":22}}},"fnMap":{"0":{"name":"useTheme","decl":{"start":{"line":9,"column":16},"end":{"line":9,"column":24}},"loc":{"start":{"line":9,"column":27},"end":{"line":14,"column":1}},"line":9}},"branchMap":{"0":{"loc":{"start":{"line":11,"column":15},"end":{"line":11,"column":58}},"type":"cond-expr","locations":[{"start":{"line":11,"column":42},"end":{"line":11,"column":49}},{"start":{"line":11,"column":52},"end":{"line":11,"column":58}}],"line":11}},"s":{"0":12,"1":12,"2":12},"f":{"0":12},"b":{"0":[1,11]},"_coverageSchema":"1a1c01bbd47fc00a2c39e90264f33305004495a9","hash":"88474de64f20e79872ff499215c00376ec86a4ea"}
,"C:\\Users\\Vinicius Andrade\\Downloads\\past\\achei-comunidade\\apps\\mobile\\src\\lib\\api\\found-items.queries.ts": {"path":"C:\\Users\\Vinicius Andrade\\Downloads\\past\\achei-comunidade\\apps\\mobile\\src\\lib\\api\\found-items.queries.ts","statementMap":{"0":{"start":{"line":11,"column":1},"end":{"line":11,"column":24}},"1":{"start":{"line":11,"column":14},"end":{"line":11,"column":24}},"2":{"start":{"line":13,"column":15},"end":{"line":13,"column":36}},"3":{"start":{"line":15,"column":1},"end":{"line":15,"column":55}},"4":{"start":{"line":15,"column":20},"end":{"line":15,"column":55}},"5":{"start":{"line":16,"column":1},"end":{"line":16,"column":61}},"6":{"start":{"line":16,"column":22},"end":{"line":16,"column":61}},"7":{"start":{"line":17,"column":1},"end":{"line":17,"column":55}},"8":{"start":{"line":17,"column":20},"end":{"line":17,"column":55}},"9":{"start":{"line":19,"column":21},"end":{"line":19,"column":37}},"10":{"start":{"line":20,"column":1},"end":{"line":20,"column":45}},"11":{"start":{"line":26,"column":1},"end":{"line":26,"column":73}},"12":{"start":{"line":31,"column":1},"end":{"line":31,"column":50}},"13":{"start":{"line":34,"column":30},"end":{"line":41,"column":1}},"14":{"start":{"line":38,"column":2},"end":{"line":38,"column":51}},"15":{"start":{"line":40,"column":25},"end":{"line":40,"column":71}}},"fnMap":{"0":{"name":"buildQueryString","decl":{"start":{"line":10,"column":9},"end":{"line":10,"column":25}},"loc":{"start":{"line":10,"column":64},"end":{"line":21,"column":1}},"line":10},"1":{"name":"getFoundItems","decl":{"start":{"line":23,"column":16},"end":{"line":23,"column":29}},"loc":{"start":{"line":25,"column":24},"end":{"line":27,"column":1}},"line":25},"2":{"name":"getFoundItem","decl":{"start":{"line":30,"column":16},"end":{"line":30,"column":28}},"loc":{"start":{"line":30,"column":61},"end":{"line":32,"column":1}},"line":30},"3":{"name":"(anonymous_3)","decl":{"start":{"line":37,"column":7},"end":{"line":37,"column":8}},"loc":{"start":{"line":38,"column":2},"end":{"line":38,"column":51}},"line":38},"4":{"name":"(anonymous_4)","decl":{"start":{"line":40,"column":9},"end":{"line":40,"column":10}},"loc":{"start":{"line":40,"column":25},"end":{"line":40,"column":71}},"line":40}},"branchMap":{"0":{"loc":{"start":{"line":11,"column":1},"end":{"line":11,"column":24}},"type":"if","locations":[{"start":{"line":11,"column":1},"end":{"line":11,"column":24}},{"start":{},"end":{}}],"line":11},"1":{"loc":{"start":{"line":15,"column":1},"end":{"line":15,"column":55}},"type":"if","locations":[{"start":{"line":15,"column":1},"end":{"line":15,"column":55}},{"start":{},"end":{}}],"line":15},"2":{"loc":{"start":{"line":16,"column":1},"end":{"line":16,"column":61}},"type":"if","locations":[{"start":{"line":16,"column":1},"end":{"line":16,"column":61}},{"start":{},"end":{}}],"line":16},"3":{"loc":{"start":{"line":17,"column":1},"end":{"line":17,"column":55}},"type":"if","locations":[{"start":{"line":17,"column":1},"end":{"line":17,"column":55}},{"start":{},"end":{}}],"line":17},"4":{"loc":{"start":{"line":20,"column":8},"end":{"line":20,"column":44}},"type":"cond-expr","locations":[{"start":{"line":20,"column":22},"end":{"line":20,"column":39}},{"start":{"line":20,"column":42},"end":{"line":20,"column":44}}],"line":20},"5":{"loc":{"start":{"line":37,"column":8},"end":{"line":37,"column":41}},"type":"default-arg","locations":[{"start":{"line":37,"column":39},"end":{"line":37,"column":41}}],"line":37}},"s":{"0":5,"1":1,"2":4,"3":4,"4":1,"5":4,"6":2,"7":4,"8":1,"9":4,"10":4,"11":5,"12":0,"13":1,"14":0,"15":0},"f":{"0":5,"1":5,"2":0,"3":0,"4":0},"b":{"0":[1,4],"1":[1,3],"2":[2,2],"3":[1,3],"4":[3,1],"5":[0]},"_coverageSchema":"1a1c01bbd47fc00a2c39e90264f33305004495a9","hash":"156804af1e502081eeebc831a56f9c776dcef37c"}
,"C:\\Users\\Vinicius Andrade\\Downloads\\past\\achei-comunidade\\apps\\mobile\\src\\lib\\upload\\upload-image.ts": {"path":"C:\\Users\\Vinicius Andrade\\Downloads\\past\\achei-comunidade\\apps\\mobile\\src\\lib\\upload\\upload-image.ts","statementMap":{"0":{"start":{"line":5,"column":1},"end":{"line":5,"column":44}}},"fnMap":{"0":{"name":"buildPhotoDataUri","decl":{"start":{"line":1,"column":16},"end":{"line":1,"column":33}},"loc":{"start":{"line":4,"column":10},"end":{"line":6,"column":1}},"line":4}},"branchMap":{"0":{"loc":{"start":{"line":3,"column":1},"end":{"line":3,"column":24}},"type":"default-arg","locations":[{"start":{"line":3,"column":12},"end":{"line":3,"column":24}}],"line":3}},"s":{"0":0},"f":{"0":0},"b":{"0":[0]},"_coverageSchema":"1a1c01bbd47fc00a2c39e90264f33305004495a9","hash":"fdbc0c9a85885a5a18212d95ebb117a77cf61ad0"}
}
