TN:
SF:jest.css-mock.js
FNF:0
FNH:0
DA:3,3
LF:1
LH:1
BRF:0
BRH:0
end_of_record
TN:
SF:src\components\themed-text.tsx
FN:19,ThemedText
FNF:1
FNH:1
FNDA:24,ThemedText
DA:25,24
DA:27,24
DA:46,2
LF:3
LH:3
BRDA:21,0,0,0
BRDA:30,1,0,24
BRDA:30,1,1,24
BRDA:31,2,0,24
BRDA:31,2,1,0
BRDA:32,3,0,24
BRDA:32,3,1,0
BRDA:33,4,0,24
BRDA:33,4,1,12
BRDA:34,5,0,24
BRDA:34,5,1,12
BRDA:35,6,0,24
BRDA:35,6,1,0
BRDA:36,7,0,24
BRDA:36,7,1,0
BRDA:37,8,0,24
BRDA:37,8,1,0
BRDA:38,9,0,24
BRDA:38,9,1,0
BRDA:83,10,0,2
BRDA:83,10,1,2
BRF:21
BRH:14
end_of_record
TN:
SF:src\components\themed-view.tsx
FN:12,ThemedView
FNF:1
FNH:1
FNDA:5,ThemedView
DA:19,5
DA:21,5
LF:2
LH:2
BRDA:23,0,0,5
BRDA:23,0,1,2
BRF:2
BRH:2
end_of_record
TN:
SF:src\components\domain\category-chip.tsx
FN:12,CategoryChip
FNF:1
FNH:1
FNDA:2,CategoryChip
DA:13,2
DA:15,2
DA:32,1
LF:3
LH:3
BRDA:21,0,0,0
BRDA:21,0,1,2
BRDA:27,1,0,0
BRDA:27,1,1,2
BRF:4
BRH:2
end_of_record
TN:
SF:src\components\domain\category-picker.tsx
FN:14,CategoryPicker
FN:36,(anonymous_1)
FN:41,(anonymous_2)
FNF:3
FNH:2
FNDA:2,CategoryPicker
FNDA:2,(anonymous_1)
FNDA:0,(anonymous_2)
DA:20,2
DA:22,2
DA:23,0
DA:30,2
DA:37,2
DA:41,0
DA:48,1
LF:7
LH:5
BRDA:22,0,0,0
BRDA:22,0,1,2
BRF:2
BRH:1
end_of_record
TN:
SF:src\components\domain\found-item-form.tsx
FN:23,FoundItemForm
FN:49,handleUseCurrentLocation
FN:61,handleSubmit
FN:77,(anonymous_3)
FNF:4
FNH:2
FNDA:2,FoundItemForm
FNDA:1,handleUseCurrentLocation
FNDA:0,handleSubmit
FNDA:0,(anonymous_3)
DA:24,2
DA:25,2
DA:33,2
DA:40,2
DA:41,2
DA:42,2
DA:44,2
DA:45,2
DA:46,2
DA:47,2
DA:50,1
DA:51,1
DA:55,2
DA:62,0
DA:64,0
DA:66,0
DA:81,0
DA:82,0
DA:84,0
DA:91,2
DA:208,1
LF:21
LH:15
BRDA:51,0,0,1
BRDA:51,0,1,0
BRDA:55,1,0,2
BRDA:55,1,1,0
BRDA:55,1,2,0
BRDA:55,1,3,0
BRDA:55,1,4,0
BRDA:62,2,0,0
BRDA:62,2,1,0
BRDA:62,3,0,0
BRDA:62,3,1,0
BRDA:62,3,2,0
BRDA:64,4,0,0
BRDA:64,4,1,0
BRDA:69,5,0,0
BRDA:69,5,1,0
BRDA:73,6,0,0
BRDA:73,6,1,0
BRDA:74,7,0,0
BRDA:74,7,1,0
BRDA:81,8,0,0
BRDA:81,8,1,0
BRDA:81,9,0,0
BRDA:81,9,1,0
BRDA:117,10,0,2
BRDA:117,10,1,0
BRDA:124,11,0,2
BRDA:124,11,1,0
BRDA:126,12,0,2
BRDA:126,12,1,0
BRDA:169,13,0,2
BRDA:169,13,1,0
BRDA:180,14,0,2
BRDA:180,14,1,2
BRDA:183,15,0,2
BRDA:183,15,1,0
BRDA:195,16,0,2
BRDA:195,16,1,2
BRDA:198,17,0,0
BRDA:198,17,1,2
BRF:40
BRH:12
end_of_record
TN:
SF:src\components\domain\location-field.tsx
FN:20,LocationField
FNF:1
FNH:1
FNDA:2,LocationField
DA:27,2
DA:29,2
DA:74,1
LF:3
LH:3
BRDA:57,0,0,0
BRDA:57,0,1,2
BRDA:65,1,0,2
BRDA:65,1,1,2
BRF:4
BRH:3
end_of_record
TN:
SF:src\components\ui\collapsible.tsx
FN:11,Collapsible
FN:26,(anonymous_1)
FN:30,(anonymous_2)
FN:30,(anonymous_3)
FNF:4
FNH:4
FNDA:2,Collapsible
FNDA:2,(anonymous_1)
FNDA:1,(anonymous_2)
FNDA:1,(anonymous_3)
DA:15,2
DA:16,2
DA:17,2
DA:19,2
DA:26,2
DA:30,1
DA:63,1
LF:7
LH:7
BRDA:28,0,0,2
BRDA:28,0,1,0
BRDA:42,1,0,1
BRDA:42,1,1,1
BRDA:48,2,0,2
BRDA:48,2,1,1
BRF:6
BRH:5
end_of_record
TN:
SF:src\constants\theme.ts
FNF:0
FNH:0
DA:10,3
DA:29,3
DA:54,3
DA:64,3
DA:65,3
LF:5
LH:5
BRDA:64,0,0,3
BRDA:64,0,1,0
BRF:2
BRH:1
end_of_record
TN:
SF:src\hooks\use-color-scheme.ts
FNF:0
FNH:0
LF:0
LH:0
BRF:0
BRH:0
end_of_record
TN:
SF:src\hooks\use-color-scheme.web.ts
FN:7,useColorScheme
FN:10,(anonymous_1)
FNF:2
FNH:2
FNDA:4,useColorScheme
FNDA:2,(anonymous_1)
DA:8,4
DA:10,4
DA:11,2
DA:14,4
DA:16,4
DA:17,2
DA:20,2
LF:7
LH:7
BRDA:16,0,0,2
BRDA:16,0,1,2
BRF:2
BRH:2
end_of_record
TN:
SF:src\hooks\use-theme.ts
FN:9,useTheme
FNF:1
FNH:1
FNDA:12,useTheme
DA:10,12
DA:11,12
DA:13,12
LF:3
LH:3
BRDA:11,0,0,1
BRDA:11,0,1,11
BRF:2
BRH:2
end_of_record
TN:
SF:src\lib\api\found-items.queries.ts
FN:10,buildQueryString
FN:23,getFoundItems
FN:30,getFoundItem
FN:37,(anonymous_3)
FN:40,(anonymous_4)
FNF:5
FNH:2
FNDA:5,buildQueryString
FNDA:5,getFoundItems
FNDA:0,getFoundItem
FNDA:0,(anonymous_3)
FNDA:0,(anonymous_4)
DA:11,5
DA:13,4
DA:15,4
DA:16,4
DA:17,4
DA:19,4
DA:20,4
DA:26,5
DA:31,0
DA:34,1
DA:38,0
DA:40,0
LF:12
LH:9
BRDA:11,0,0,1
BRDA:11,0,1,4
BRDA:15,1,0,1
BRDA:15,1,1,3
BRDA:16,2,0,2
BRDA:16,2,1,2
BRDA:17,3,0,1
BRDA:17,3,1,3
BRDA:20,4,0,3
BRDA:20,4,1,1
BRDA:37,5,0,0
BRF:11
BRH:10
end_of_record
TN:
SF:src\lib\upload\upload-image.ts
FN:1,buildPhotoDataUri
FNF:1
FNH:0
FNDA:0,buildPhotoDataUri
DA:5,0
LF:1
LH:0
BRDA:3,0,0,0
BRF:1
BRH:0
end_of_record
